<?xml version="1.0" encoding="UTF-8"?>
<!-- Generated by org.testng.reporters.JUnitReportReporter -->
<testsuite hostname="TYSS-Akash-Deb" failures="0" tests="5" name="testNG.Disable" time="0.018" errors="0" timestamp="27 Apr 2024 07:51:46 GMT" skipped="1">
  <testcase classname="testNG.Disable" name="login" time="0.012"/>
  <testcase classname="testNG.Disable" name="searchProduct" time="0.002"/>
  <testcase classname="testNG.Disable" name="addToCart" time="0.002"/>
  <testcase classname="testNG.Disable" name="logout" time="0.002"/>
  <testcase classname="testNG.Disable" name="payment">
    <skipped/>
  </testcase> <!-- payment -->
</testsuite> <!-- testNG.Disable -->
