<?xml version="1.0" encoding="UTF-8"?>
<!-- Generated by org.testng.reporters.JUnitReportReporter -->
<testsuite hostname="TYSS-Akash-Deb" failures="0" tests="3" name="testNG.CrossBrowser" time="26.734" errors="0" timestamp="04 May 2024 08:37:27 GMT" skipped="0">
  <testcase classname="testNG.CrossBrowser" name="googleTest" time="7.567"/>
  <testcase classname="testNG.CrossBrowser" name="googleTest" time="6.610"/>
  <testcase classname="testNG.CrossBrowser" name="googleTest" time="12.557"/>
</testsuite> <!-- testNG.CrossBrowser -->
