<?xml version="1.0" encoding="UTF-8"?>
<!-- Generated by org.testng.reporters.JUnitReportReporter -->
<testsuite hostname="TYSS-Akash-Deb" failures="0" tests="1" name="testNG.GoogleTest" time="5.656" errors="0" timestamp="04 May 2024 08:21:19 GMT" skipped="0">
  <testcase classname="testNG.GoogleTest" name="googleTest" time="5.656"/>
</testsuite> <!-- testNG.GoogleTest -->
