<?xml version="1.0" encoding="UTF-8"?>
<!-- Generated by org.testng.reporters.JUnitReportReporter -->
<testsuite hostname="TYSS-Akash-Deb" failures="0" tests="2" name="testNG.GroupExecution" time="0.016" errors="0" timestamp="04 May 2024 08:09:07 GMT" skipped="0">
  <testcase classname="testNG.GroupExecution" name="addToCart" time="0.015"/>
  <testcase classname="testNG.GroupExecution" name="payment" time="0.001"/>
</testsuite> <!-- testNG.GroupExecution -->
