<?xml version="1.0" encoding="UTF-8"?>
<!-- Generated by org.testng.reporters.JUnitReportReporter -->
<testsuite hostname="TYSS-Akash-Deb" failures="0" tests="2" name="basicTestScript.ToRegisterUserAndLoginUser" time="3.305" errors="0" timestamp="04 May 2024 07:18:13 GMT" skipped="0">
  <testcase classname="basicTestScript.ToRegisterUserAndLoginUser" name="toRegisterUser" time="2.503"/>
  <testcase classname="basicTestScript.ToRegisterUserAndLoginUser" name="loginUser" time="0.802"/>
</testsuite> <!-- basicTestScript.ToRegisterUserAndLoginUser -->
