<?xml version="1.0" encoding="UTF-8"?>
<!-- Generated by org.testng.reporters.JUnitReportReporter -->
<testsuite hostname="TYSS-Akash-Deb" failures="0" tests="1" name="testNG.FacebookTest" time="4.026" errors="0" timestamp="04 May 2024 08:21:19 GMT" skipped="0">
  <testcase classname="testNG.FacebookTest" name="googleTest" time="4.026"/>
</testsuite> <!-- testNG.FacebookTest -->
