<?xml version="1.0" encoding="UTF-8"?>
<!-- Generated by org.testng.reporters.JUnitReportReporter -->
<testsuite hostname="TYSS-Akash-Deb" failures="0" tests="4" name="testNG.InvocationCount" time="0.019" errors="0" timestamp="27 Apr 2024 08:08:44 GMT" skipped="0">
  <testcase classname="testNG.InvocationCount" name="login" time="0.014"/>
  <testcase classname="testNG.InvocationCount" name="searchProduct" time="0.002"/>
  <testcase classname="testNG.InvocationCount" name="payment" time="0.001"/>
  <testcase classname="testNG.InvocationCount" name="logout" time="0.002"/>
</testsuite> <!-- testNG.InvocationCount -->
