<?xml version="1.0" encoding="UTF-8"?>
<!-- Generated by org.testng.reporters.JUnitReportReporter -->
<testsuite hostname="TYSS-Akash-Deb" failures="0" tests="3" name="testNG.MultipleData" time="0.010" errors="0" timestamp="04 May 2024 08:02:44 GMT" skipped="0">
  <testcase classname="testNG.MultipleData" name="test" time="0.005"/>
  <testcase classname="testNG.MultipleData" name="test" time="0.003"/>
  <testcase classname="testNG.MultipleData" name="test" time="0.002"/>
</testsuite> <!-- testNG.MultipleData -->
