<?xml version="1.0" encoding="UTF-8"?>
<!-- Generated by org.testng.reporters.JUnitReportReporter -->
<testsuite hostname="TYSS-Akash-Deb" failures="0" tests="2" name="genericUtils.BaseClass" time="0.012" errors="0" timestamp="27 Apr 2024 09:28:25 GMT" skipped="0">
  <testcase classname="genericUtils.BaseClass" name="testcase1" time="0.008"/>
  <testcase classname="genericUtils.BaseClass" name="testcase2" time="0.004"/>
</testsuite> <!-- genericUtils.BaseClass -->
